<?xml version="1.0" encoding="UTF-8"?>
<!-- Generated by org.testng.reporters.JUnitXMLReporter -->
<testsuite ignored="0" hostname="DESKTOP-UCU1O43" failures="0" tests="20" name="Test" time="301.128" errors="0" timestamp="2025-06-26T15:21:37 IST">
  <testcase classname="com.qa.testscripts.Amazon_BrowserDemo" name="LaunchBrowser" time="8.43"/>
  <testcase classname="com.qa.testscripts.WebPage_Scrolling_Demo" name="ScrollDownUsingPixel" time="6.792"/>
  <testcase classname="com.qa.testscripts.WebPage_Scrolling_Demo" name="ScrollDownUsingWebElemnt" time="2.088"/>
  <testcase classname="com.qa.testscripts.WebPage_Scrolling_Demo" name="ScrollDownUsingBottomPage" time="2.043"/>
  <testcase classname="com.qa.testscripts.WebPage_Scrolling_Demo" name="ScrollToTop" time="4.081"/>
  <testcase classname="com.qa.testscripts.WebPage_Scrolling_Demo" name="ScrollUsingActions" time="2.069"/>
  <testcase classname="com.qa.testscripts.DragandDrop_Method" name="LaunchBrowser" time="12.042"/>
  <testcase classname="com.qa.testscripts.ActionClass_Demo" name="LaunchBrowser" time="41.25"/>
  <testcase classname="com.qa.testscripts.RobotClass_Demo" name="RobotClassDemo" time="29.089"/>
  <testcase classname="com.qa.testscripts.FlipKart_GetCommands" name="LaunchBrowser" time="10.856"/>
  <testcase classname="com.qa.testscripts.Google_Travel" name="Browser_Launch_URL_Open" time="12.19"/>
  <testcase classname="com.qa.testscripts.Zepto_Navigate_Commands" name="LaunchBrowser" time="19.341"/>
  <testcase classname="com.qa.testscripts.Amazon_Loactors" name="LaunchBrowser" time="18.297"/>
  <testcase classname="com.qa.testscripts.Handling_Alerts_Demo" name="AcceptAlertTest" time="7.218"/>
  <testcase classname="com.qa.testscripts.Handling_Alerts_Demo" name="DismissAlertTest" time="8.993"/>
  <testcase classname="com.qa.testscripts.Handling_Alerts_Demo" name="GetTextAlertText" time="16.293"/>
  <testcase classname="com.qa.testscripts.Handling_Alerts_Demo" name="SendKeysAlertText" time="6.833"/>
  <testcase classname="com.qa.testscripts.Amazon_Drag_Drop" name="LunchBrowser" time="13.496"/>
  <testcase classname="com.qa.testscripts.LaunchBrowser" name="LoginFun" time="17.554"/>
  <testcase classname="com.qa.testscripts.Waits_Demo" name="FluentWaitTest" time="8.352"/>
</testsuite> <!-- Test -->
