<?xml version="1.0" encoding="UTF-8"?>
<testng-results ignored="0" total="20" passed="20" failed="0" skipped="0">
  <reporter-output>
  </reporter-output>
  <suite started-at="2025-06-26T15:16:35 IST" name="Suite" finished-at="2025-06-26T15:21:36 IST" duration-ms="301128">
    <groups>
    </groups>
    <test started-at="2025-06-26T15:16:35 IST" name="Test" finished-at="2025-06-26T15:21:36 IST" duration-ms="301128">
      <class name="com.qa.testscripts.LaunchBrowser">
        <test-method is-config="true" signature="Setup()[pri:0, instance:com.qa.testscripts.LaunchBrowser@38af9828]" started-at="2025-06-26T15:20:57 IST" name="Setup" finished-at="2025-06-26T15:21:07 IST" duration-ms="10202" status="PASS">
          <reporter-output>
          </reporter-output>
        </test-method> <!-- Setup -->
        <test-method signature="LoginFun()[pri:0, instance:com.qa.testscripts.LaunchBrowser@38af9828]" started-at="2025-06-26T15:21:07 IST" name="LoginFun" finished-at="2025-06-26T15:21:24 IST" duration-ms="17554" status="PASS">
          <reporter-output>
          </reporter-output>
        </test-method> <!-- LoginFun -->
        <test-method is-config="true" signature="TearDown()[pri:0, instance:com.qa.testscripts.LaunchBrowser@38af9828]" started-at="2025-06-26T15:21:24 IST" name="TearDown" finished-at="2025-06-26T15:21:26 IST" duration-ms="1472" status="PASS">
          <reporter-output>
          </reporter-output>
        </test-method> <!-- TearDown -->
      </class> <!-- com.qa.testscripts.LaunchBrowser -->
      <class name="com.qa.testscripts.Amazon_Loactors">
        <test-method is-config="true" signature="SetUp()[pri:0, instance:com.qa.testscripts.Amazon_Loactors@4149c063]" started-at="2025-06-26T15:19:34 IST" name="SetUp" finished-at="2025-06-26T15:19:37 IST" duration-ms="3056" status="PASS">
          <reporter-output>
          </reporter-output>
        </test-method> <!-- SetUp -->
        <test-method signature="LaunchBrowser()[pri:0, instance:com.qa.testscripts.Amazon_Loactors@4149c063]" started-at="2025-06-26T15:19:37 IST" name="LaunchBrowser" finished-at="2025-06-26T15:19:55 IST" duration-ms="18297" status="PASS">
          <reporter-output>
          </reporter-output>
        </test-method> <!-- LaunchBrowser -->
      </class> <!-- com.qa.testscripts.Amazon_Loactors -->
      <class name="com.qa.testscripts.Waits_Demo">
        <test-method is-config="true" signature="SetUp()[pri:0, instance:com.qa.testscripts.Waits_Demo@376a0d86]" started-at="2025-06-26T15:21:26 IST" name="SetUp" finished-at="2025-06-26T15:21:28 IST" duration-ms="2234" status="PASS">
          <reporter-output>
          </reporter-output>
        </test-method> <!-- SetUp -->
        <test-method signature="FluentWaitTest()[pri:3, instance:com.qa.testscripts.Waits_Demo@376a0d86]" started-at="2025-06-26T15:21:28 IST" name="FluentWaitTest" finished-at="2025-06-26T15:21:36 IST" duration-ms="8352" status="PASS">
          <reporter-output>
          </reporter-output>
        </test-method> <!-- FluentWaitTest -->
      </class> <!-- com.qa.testscripts.Waits_Demo -->
      <class name="com.qa.testscripts.Amazon_Drag_Drop">
        <test-method is-config="true" signature="SetUp()[pri:0, instance:com.qa.testscripts.Amazon_Drag_Drop@76b07f29]" started-at="2025-06-26T15:20:41 IST" name="SetUp" finished-at="2025-06-26T15:20:43 IST" duration-ms="2304" status="PASS">
          <reporter-output>
          </reporter-output>
        </test-method> <!-- SetUp -->
        <test-method signature="LunchBrowser()[pri:0, instance:com.qa.testscripts.Amazon_Drag_Drop@76b07f29]" started-at="2025-06-26T15:20:43 IST" name="LunchBrowser" finished-at="2025-06-26T15:20:57 IST" duration-ms="13496" status="PASS">
          <reporter-output>
          </reporter-output>
        </test-method> <!-- LunchBrowser -->
      </class> <!-- com.qa.testscripts.Amazon_Drag_Drop -->
      <class name="com.qa.testscripts.Handling_Alerts_Demo">
        <test-method is-config="true" signature="SetUp()[pri:0, instance:com.qa.testscripts.Handling_Alerts_Demo@9cb8225]" started-at="2025-06-26T15:19:55 IST" name="SetUp" finished-at="2025-06-26T15:20:01 IST" duration-ms="5384" status="PASS">
          <reporter-output>
          </reporter-output>
        </test-method> <!-- SetUp -->
        <test-method signature="AcceptAlertTest()[pri:1, instance:com.qa.testscripts.Handling_Alerts_Demo@9cb8225]" started-at="2025-06-26T15:20:01 IST" name="AcceptAlertTest" finished-at="2025-06-26T15:20:08 IST" duration-ms="7218" status="PASS">
          <reporter-output>
          </reporter-output>
        </test-method> <!-- AcceptAlertTest -->
        <test-method signature="DismissAlertTest()[pri:2, instance:com.qa.testscripts.Handling_Alerts_Demo@9cb8225]" started-at="2025-06-26T15:20:08 IST" name="DismissAlertTest" finished-at="2025-06-26T15:20:17 IST" duration-ms="8993" status="PASS">
          <reporter-output>
          </reporter-output>
        </test-method> <!-- DismissAlertTest -->
        <test-method signature="GetTextAlertText()[pri:3, instance:com.qa.testscripts.Handling_Alerts_Demo@9cb8225]" started-at="2025-06-26T15:20:17 IST" name="GetTextAlertText" finished-at="2025-06-26T15:20:34 IST" duration-ms="16293" status="PASS">
          <reporter-output>
          </reporter-output>
        </test-method> <!-- GetTextAlertText -->
        <test-method signature="SendKeysAlertText()[pri:4, instance:com.qa.testscripts.Handling_Alerts_Demo@9cb8225]" started-at="2025-06-26T15:20:34 IST" name="SendKeysAlertText" finished-at="2025-06-26T15:20:41 IST" duration-ms="6833" status="PASS">
          <reporter-output>
          </reporter-output>
        </test-method> <!-- SendKeysAlertText -->
      </class> <!-- com.qa.testscripts.Handling_Alerts_Demo -->
      <class name="com.qa.testscripts.Google_Travel">
        <test-method is-config="true" signature="SetUp()[pri:0, instance:com.qa.testscripts.Google_Travel@4b86805d]" started-at="2025-06-26T15:18:55 IST" name="SetUp" finished-at="2025-06-26T15:18:59 IST" duration-ms="3439" status="PASS">
          <reporter-output>
          </reporter-output>
        </test-method> <!-- SetUp -->
        <test-method signature="Browser_Launch_URL_Open()[pri:1, instance:com.qa.testscripts.Google_Travel@4b86805d]" started-at="2025-06-26T15:18:59 IST" name="Browser_Launch_URL_Open" finished-at="2025-06-26T15:19:11 IST" duration-ms="12190" status="PASS">
          <reporter-output>
          </reporter-output>
        </test-method> <!-- Browser_Launch_URL_Open -->
      </class> <!-- com.qa.testscripts.Google_Travel -->
      <class name="com.qa.testscripts.WebPage_Scrolling_Demo">
        <test-method is-config="true" signature="SetUp()[pri:0, instance:com.qa.testscripts.WebPage_Scrolling_Demo@2c78324b]" started-at="2025-06-26T15:16:51 IST" name="SetUp" finished-at="2025-06-26T15:16:53 IST" duration-ms="2348" status="PASS">
          <reporter-output>
          </reporter-output>
        </test-method> <!-- SetUp -->
        <test-method signature="ScrollDownUsingPixel()[pri:1, instance:com.qa.testscripts.WebPage_Scrolling_Demo@2c78324b]" started-at="2025-06-26T15:16:53 IST" name="ScrollDownUsingPixel" finished-at="2025-06-26T15:17:00 IST" duration-ms="6792" status="PASS">
          <reporter-output>
          </reporter-output>
        </test-method> <!-- ScrollDownUsingPixel -->
        <test-method signature="ScrollDownUsingWebElemnt()[pri:2, instance:com.qa.testscripts.WebPage_Scrolling_Demo@2c78324b]" started-at="2025-06-26T15:17:00 IST" name="ScrollDownUsingWebElemnt" finished-at="2025-06-26T15:17:02 IST" duration-ms="2088" status="PASS">
          <reporter-output>
          </reporter-output>
        </test-method> <!-- ScrollDownUsingWebElemnt -->
        <test-method signature="ScrollDownUsingBottomPage()[pri:3, instance:com.qa.testscripts.WebPage_Scrolling_Demo@2c78324b]" started-at="2025-06-26T15:17:02 IST" name="ScrollDownUsingBottomPage" finished-at="2025-06-26T15:17:04 IST" duration-ms="2043" status="PASS">
          <reporter-output>
          </reporter-output>
        </test-method> <!-- ScrollDownUsingBottomPage -->
        <test-method signature="ScrollToTop()[pri:4, instance:com.qa.testscripts.WebPage_Scrolling_Demo@2c78324b]" started-at="2025-06-26T15:17:04 IST" name="ScrollToTop" finished-at="2025-06-26T15:17:08 IST" duration-ms="4081" status="PASS">
          <reporter-output>
          </reporter-output>
        </test-method> <!-- ScrollToTop -->
        <test-method signature="ScrollUsingActions()[pri:5, instance:com.qa.testscripts.WebPage_Scrolling_Demo@2c78324b]" started-at="2025-06-26T15:17:08 IST" name="ScrollUsingActions" finished-at="2025-06-26T15:17:10 IST" duration-ms="2069" status="PASS">
          <reporter-output>
          </reporter-output>
        </test-method> <!-- ScrollUsingActions -->
      </class> <!-- com.qa.testscripts.WebPage_Scrolling_Demo -->
      <class name="com.qa.testscripts.RobotClass_Demo">
        <test-method is-config="true" signature="SetUp()[pri:0, instance:com.qa.testscripts.RobotClass_Demo@4e0ae11f]" started-at="2025-06-26T15:18:10 IST" name="SetUp" finished-at="2025-06-26T15:18:13 IST" duration-ms="3347" status="PASS">
          <reporter-output>
          </reporter-output>
        </test-method> <!-- SetUp -->
        <test-method signature="RobotClassDemo()[pri:0, instance:com.qa.testscripts.RobotClass_Demo@4e0ae11f]" started-at="2025-06-26T15:18:13 IST" name="RobotClassDemo" finished-at="2025-06-26T15:18:42 IST" duration-ms="29089" status="PASS">
          <reporter-output>
          </reporter-output>
        </test-method> <!-- RobotClassDemo -->
      </class> <!-- com.qa.testscripts.RobotClass_Demo -->
      <class name="com.qa.testscripts.Amazon_BrowserDemo">
        <test-method is-config="true" signature="SetUp()[pri:0, instance:com.qa.testscripts.Amazon_BrowserDemo@7ac296f6]" started-at="2025-06-26T15:16:35 IST" name="SetUp" finished-at="2025-06-26T15:16:42 IST" duration-ms="6368" status="PASS">
          <reporter-output>
          </reporter-output>
        </test-method> <!-- SetUp -->
        <test-method signature="LaunchBrowser()[pri:0, instance:com.qa.testscripts.Amazon_BrowserDemo@7ac296f6]" started-at="2025-06-26T15:16:42 IST" name="LaunchBrowser" finished-at="2025-06-26T15:16:50 IST" duration-ms="8430" status="PASS">
          <reporter-output>
          </reporter-output>
        </test-method> <!-- LaunchBrowser -->
      </class> <!-- com.qa.testscripts.Amazon_BrowserDemo -->
      <class name="com.qa.testscripts.DragandDrop_Method">
        <test-method is-config="true" signature="SetUp()[pri:0, instance:com.qa.testscripts.DragandDrop_Method@79defdc]" started-at="2025-06-26T15:17:10 IST" name="SetUp" finished-at="2025-06-26T15:17:13 IST" duration-ms="2533" status="PASS">
          <reporter-output>
          </reporter-output>
        </test-method> <!-- SetUp -->
        <test-method signature="LaunchBrowser()[pri:0, instance:com.qa.testscripts.DragandDrop_Method@79defdc]" started-at="2025-06-26T15:17:13 IST" name="LaunchBrowser" finished-at="2025-06-26T15:17:25 IST" duration-ms="12042" status="PASS">
          <reporter-output>
          </reporter-output>
        </test-method> <!-- LaunchBrowser -->
      </class> <!-- com.qa.testscripts.DragandDrop_Method -->
      <class name="com.qa.testscripts.Zepto_Navigate_Commands">
        <test-method is-config="true" signature="SetUp()[pri:0, instance:com.qa.testscripts.Zepto_Navigate_Commands@5852c06f]" started-at="2025-06-26T15:19:11 IST" name="SetUp" finished-at="2025-06-26T15:19:14 IST" duration-ms="3481" status="PASS">
          <reporter-output>
          </reporter-output>
        </test-method> <!-- SetUp -->
        <test-method signature="LaunchBrowser()[pri:0, instance:com.qa.testscripts.Zepto_Navigate_Commands@5852c06f]" started-at="2025-06-26T15:19:14 IST" name="LaunchBrowser" finished-at="2025-06-26T15:19:34 IST" duration-ms="19341" status="PASS">
          <reporter-output>
          </reporter-output>
        </test-method> <!-- LaunchBrowser -->
      </class> <!-- com.qa.testscripts.Zepto_Navigate_Commands -->
      <class name="com.qa.testscripts.ActionClass_Demo">
        <test-method is-config="true" signature="SetUp()[pri:0, instance:com.qa.testscripts.ActionClass_Demo@18317edc]" started-at="2025-06-26T15:17:25 IST" name="SetUp" finished-at="2025-06-26T15:17:28 IST" duration-ms="3553" status="PASS">
          <reporter-output>
          </reporter-output>
        </test-method> <!-- SetUp -->
        <test-method signature="LaunchBrowser()[pri:0, instance:com.qa.testscripts.ActionClass_Demo@18317edc]" started-at="2025-06-26T15:17:28 IST" name="LaunchBrowser" finished-at="2025-06-26T15:18:10 IST" duration-ms="41250" status="PASS">
          <reporter-output>
          </reporter-output>
        </test-method> <!-- LaunchBrowser -->
      </class> <!-- com.qa.testscripts.ActionClass_Demo -->
      <class name="com.qa.testscripts.FlipKart_GetCommands">
        <test-method is-config="true" signature="SetUp()[pri:0, instance:com.qa.testscripts.FlipKart_GetCommands@238d68ff]" started-at="2025-06-26T15:18:42 IST" name="SetUp" finished-at="2025-06-26T15:18:44 IST" duration-ms="2419" status="PASS">
          <reporter-output>
          </reporter-output>
        </test-method> <!-- SetUp -->
        <test-method signature="LaunchBrowser()[pri:0, instance:com.qa.testscripts.FlipKart_GetCommands@238d68ff]" started-at="2025-06-26T15:18:44 IST" name="LaunchBrowser" finished-at="2025-06-26T15:18:55 IST" duration-ms="10856" status="PASS">
          <reporter-output>
          </reporter-output>
        </test-method> <!-- LaunchBrowser -->
      </class> <!-- com.qa.testscripts.FlipKart_GetCommands -->
    </test> <!-- Test -->
  </suite> <!-- Suite -->
</testng-results>
